c:\users\calvin bonomo\source\repos\fireside renderer\fireside renderer\debug\vc142.pdb
c:\users\calvin bonomo\source\repos\fireside renderer\fireside renderer\debug\vc142.idb
c:\users\calvin bonomo\source\repos\fireside renderer\fireside renderer\debug\glm.nativecodeanalysis.sarif
c:\users\calvin bonomo\source\repos\fireside renderer\fireside renderer\debug\glm.nativecodeanalysis.xml
c:\users\calvin bonomo\source\repos\fireside renderer\fireside renderer\debug\vertexbuffer.nativecodeanalysis.sarif
c:\users\calvin bonomo\source\repos\fireside renderer\fireside renderer\debug\vertexbuffer.nativecodeanalysis.xml
c:\users\calvin bonomo\source\repos\fireside renderer\fireside renderer\debug\vertexarray.nativecodeanalysis.sarif
c:\users\calvin bonomo\source\repos\fireside renderer\fireside renderer\debug\vertexarray.nativecodeanalysis.xml
c:\users\calvin bonomo\source\repos\fireside renderer\fireside renderer\debug\shader.nativecodeanalysis.sarif
c:\users\calvin bonomo\source\repos\fireside renderer\fireside renderer\debug\shader.nativecodeanalysis.xml
c:\users\calvin bonomo\source\repos\fireside renderer\fireside renderer\debug\renderer.nativecodeanalysis.sarif
c:\users\calvin bonomo\source\repos\fireside renderer\fireside renderer\debug\renderer.nativecodeanalysis.xml
c:\users\calvin bonomo\source\repos\fireside renderer\fireside renderer\debug\main.nativecodeanalysis.sarif
c:\users\calvin bonomo\source\repos\fireside renderer\fireside renderer\debug\main.nativecodeanalysis.xml
c:\users\calvin bonomo\source\repos\fireside renderer\fireside renderer\debug\elementarraybuffer.nativecodeanalysis.sarif
c:\users\calvin bonomo\source\repos\fireside renderer\fireside renderer\debug\elementarraybuffer.nativecodeanalysis.xml
c:\users\calvin bonomo\source\repos\fireside renderer\fireside renderer\debug\elementarraybuffer.obj
c:\users\calvin bonomo\source\repos\fireside renderer\fireside renderer\debug\main.obj
c:\users\calvin bonomo\source\repos\fireside renderer\fireside renderer\debug\renderer.obj
c:\users\calvin bonomo\source\repos\fireside renderer\fireside renderer\debug\shader.obj
c:\users\calvin bonomo\source\repos\fireside renderer\fireside renderer\debug\vertexarray.obj
c:\users\calvin bonomo\source\repos\fireside renderer\fireside renderer\debug\vertexbuffer.obj
c:\users\calvin bonomo\source\repos\fireside renderer\fireside renderer\debug\glm.obj
c:\users\calvin bonomo\source\repos\fireside renderer\fireside renderer\debug\texture.obj
c:\users\calvin bonomo\source\repos\fireside renderer\fireside renderer\debug\material.obj
c:\users\calvin bonomo\source\repos\fireside renderer\debug\fireside renderer.exe
c:\users\calvin bonomo\source\repos\fireside renderer\debug\fireside renderer.ilk
c:\users\calvin bonomo\source\repos\fireside renderer\debug\fireside renderer.pdb
c:\users\calvin bonomo\source\repos\fireside renderer\fireside renderer\debug\stb_vorbis.obj
c:\users\calvin bonomo\source\repos\fireside renderer\fireside renderer\debug\fireside.32b2160f.tlog\cl.command.1.tlog
c:\users\calvin bonomo\source\repos\fireside renderer\fireside renderer\debug\fireside.32b2160f.tlog\cl.read.1.tlog
c:\users\calvin bonomo\source\repos\fireside renderer\fireside renderer\debug\fireside.32b2160f.tlog\cl.write.1.tlog
c:\users\calvin bonomo\source\repos\fireside renderer\fireside renderer\debug\fireside.32b2160f.tlog\link.9312-cvtres.read.1.tlog
c:\users\calvin bonomo\source\repos\fireside renderer\fireside renderer\debug\fireside.32b2160f.tlog\link.9312-cvtres.write.1.tlog
c:\users\calvin bonomo\source\repos\fireside renderer\fireside renderer\debug\fireside.32b2160f.tlog\link.9312-rc.read.1.tlog
c:\users\calvin bonomo\source\repos\fireside renderer\fireside renderer\debug\fireside.32b2160f.tlog\link.9312-rc.write.1.tlog
c:\users\calvin bonomo\source\repos\fireside renderer\fireside renderer\debug\fireside.32b2160f.tlog\link.9312.read.1.tlog
c:\users\calvin bonomo\source\repos\fireside renderer\fireside renderer\debug\fireside.32b2160f.tlog\link.9312.write.1.tlog
c:\users\calvin bonomo\source\repos\fireside renderer\fireside renderer\debug\fireside.32b2160f.tlog\link.command.1.tlog
c:\users\calvin bonomo\source\repos\fireside renderer\fireside renderer\debug\fireside.32b2160f.tlog\link.read.1.tlog
c:\users\calvin bonomo\source\repos\fireside renderer\fireside renderer\debug\fireside.32b2160f.tlog\link.write.1.tlog
